<?xml version="1.0" encoding="UTF-8"?>
<!-- Generated by org.testng.reporters.JUnitXMLReporter -->
<testsuite hostname="HW0176" name="Test1" tests="1" failures="0" timestamp="18 Feb 2013 11:05:57 GMT" time="0.129" errors="0">
  <testcase name="@BeforeClass setUp" time="0.0" classname="grid.Test2">
    <failure type="java.lang.NullPointerException" message="null value in entry: desiredCapabilities=null">
      <![CDATA[java.lang.NullPointerException: null value in entry: desiredCapabilities=null
	at com.google.common.base.Preconditions.checkNotNull(Preconditions.java:235)
	at com.google.common.collect.ImmutableMap.entryOf(ImmutableMap.java:144)
	at com.google.common.collect.ImmutableMap$Builder.put(ImmutableMap.java:182)
	at org.openqa.selenium.remote.RemoteWebDriver.startSession(RemoteWebDriver.java:210)
	at org.openqa.selenium.remote.RemoteWebDriver.<init>(RemoteWebDriver.java:111)
	at org.openqa.selenium.remote.RemoteWebDriver.<init>(RemoteWebDriver.java:129)
	at grid.Test2.setUp(Test2.java:41)
	at java.util.concurrent.FutureTask$Sync.innerRun(Unknown Source)
	at java.util.concurrent.FutureTask.run(Unknown Source)
	at java.util.concurrent.ThreadPoolExecutor$Worker.runTask(Unknown Source)
	at java.util.concurrent.ThreadPoolExecutor$Worker.run(Unknown Source)
	at java.lang.Thread.run(Unknown Source)
... Removed 16 stack frames]]>
    </failure>
  </testcase> <!-- @BeforeClass setUp -->
  <testcase name="@AfterClass tearDown" time="0.0" classname="grid.Test2">
    <skipped/>
  </testcase> <!-- @AfterClass tearDown -->
  <testcase name="method1" time="0.0" classname="grid.Test2">
    <skipped/>
  </testcase> <!-- method1 -->
</testsuite> <!-- Test1 -->
